<?xml version="1.0" encoding="UTF-8"?>
<!-- Generated by org.testng.reporters.JUnitReportReporter -->
<testsuite skipped="0" hostname="MM-PC" name="TestCases.testing" tests="1" failures="0" timestamp="27 Aug 2019 09:43:18 GMT" time="29.236" errors="0">
  <testcase name="aaa" time="29.236" classname="TestCases.testing"/>
</testsuite> <!-- TestCases.testing -->
