<?xml version="1.0" encoding="UTF-8"?>
<!-- Generated by org.testng.reporters.JUnitReportReporter -->
<testsuite skipped="0" hostname="MM-PC" name="TestCases.tes" tests="1" failures="0" timestamp="27 Aug 2019 21:41:13 GMT" time="40.152" errors="0">
  <testcase name="tteee" time="40.152" classname="TestCases.tes"/>
</testsuite> <!-- TestCases.tes -->
