<?xml version="1.0" encoding="UTF-8"?>
<!-- Generated by org.testng.reporters.JUnitReportReporter -->
<testsuite skipped="0" hostname="MM-PC" name="TestCases.PeopleTC" tests="2" failures="0" timestamp="30 Aug 2019 17:34:06 GMT" time="136.511" errors="0">
  <testcase name="testApache" time="121.784" classname="TestCases.PeopleTC"/>
  <testcase name="writingInExcel" time="14.727" classname="TestCases.PeopleTC"/>
</testsuite> <!-- TestCases.PeopleTC -->
