<?xml version="1.0" encoding="UTF-8"?>
<!-- Generated by org.testng.reporters.JUnitReportReporter -->
<testsuite skipped="0" hostname="MM-PC" name="TestCases.SearchInternetArchiveFloaterTC" tests="1" failures="0" timestamp="29 Aug 2019 23:02:53 GMT" time="10.505" errors="0">
  <testcase name="search" time="10.505" classname="TestCases.SearchInternetArchiveFloaterTC"/>
</testsuite> <!-- TestCases.SearchInternetArchiveFloaterTC -->
