<?xml version="1.0" encoding="UTF-8"?>
<!-- Generated by org.testng.reporters.JUnitReportReporter -->
<testsuite skipped="0" hostname="MM-PC" name="TestCases.TopCollectionsTC" tests="3" failures="0" timestamp="29 Aug 2019 20:54:39 GMT" time="26.230" errors="0">
  <testcase name="testForItems" time="0.117" classname="TestCases.TopCollectionsTC"/>
  <testcase name="testForNumbersOfFirstCollection" time="20.182" classname="TestCases.TopCollectionsTC"/>
  <testcase name="testForMoreThan20" time="5.931" classname="TestCases.TopCollectionsTC"/>
</testsuite> <!-- TestCases.TopCollectionsTC -->
