<?xml version="1.0" encoding="UTF-8"?>
<!-- Generated by org.testng.reporters.JUnitReportReporter -->
<testsuite skipped="0" hostname="MM-PC" name="TestCases.ForgotPassTermsOfServiceTC" tests="1" failures="0" timestamp="29 Aug 2019 22:55:34 GMT" time="12.929" errors="0">
  <testcase name="forgotPass" time="12.929" classname="TestCases.ForgotPassTermsOfServiceTC"/>
</testsuite> <!-- TestCases.ForgotPassTermsOfServiceTC -->
