<?xml version="1.0" encoding="UTF-8"?>
<!-- Generated by org.testng.reporters.JUnitReportReporter -->
<testsuite skipped="0" hostname="MM-PC" name="TestCases.tessssssss" tests="1" failures="0" timestamp="29 Aug 2019 10:40:50 GMT" time="157.148" errors="0">
  <testcase name="tessting" time="157.148" classname="TestCases.tessssssss"/>
</testsuite> <!-- TestCases.tessssssss -->
