<?xml version="1.0" encoding="UTF-8"?>
<!-- Generated by org.testng.reporters.JUnitReportReporter -->
<testsuite skipped="0" hostname="MM-PC" name="TestCases.teet" tests="1" failures="0" timestamp="26 Aug 2019 23:04:55 GMT" time="9.935" errors="0">
  <testcase name="teete" time="9.935" classname="TestCases.teet"/>
</testsuite> <!-- TestCases.teet -->
