<?xml version="1.0" encoding="UTF-8"?>
<!-- Generated by org.testng.reporters.JUnitReportReporter -->
<testsuite skipped="0" hostname="MM-PC" name="TestCases.UploadTC" tests="1" failures="0" timestamp="29 Aug 2019 23:09:15 GMT" time="10.075" errors="0">
  <testcase name="testUploadNotLoggedIn" time="10.075" classname="TestCases.UploadTC"/>
</testsuite> <!-- TestCases.UploadTC -->
