<?xml version="1.0" encoding="UTF-8"?>
<!-- Generated by org.testng.reporters.JUnitReportReporter -->
<testsuite skipped="0" hostname="MM-PC" name="TestCases.UrlTextsTC" tests="1" failures="0" timestamp="29 Aug 2019 18:26:42 GMT" time="24.341" errors="0">
  <testcase name="textsUrl" time="24.341" classname="TestCases.UrlTextsTC"/>
</testsuite> <!-- TestCases.UrlTextsTC -->
