<?xml version="1.0" encoding="UTF-8"?>
<!-- Generated by org.testng.reporters.JUnitReportReporter -->
<testsuite skipped="0" hostname="MM-PC" name="TestCases.SignInTC" tests="1" failures="0" timestamp="29 Aug 2019 23:03:49 GMT" time="6.681" errors="0">
  <testcase name="logInButtonIsPresent" time="6.681" classname="TestCases.SignInTC"/>
</testsuite> <!-- TestCases.SignInTC -->
