<?xml version="1.0" encoding="UTF-8"?>
<!-- Generated by org.testng.reporters.JUnitReportReporter -->
<testsuite skipped="0" hostname="MM-PC" name="TestCases.asd" tests="1" failures="0" timestamp="26 Aug 2019 23:32:46 GMT" time="13.570" errors="0">
  <testcase name="aaa" time="13.570" classname="TestCases.asd"/>
</testsuite> <!-- TestCases.asd -->
